<?xml version="1.0" encoding="UTF-8"?>
<testng-results ignored="0" total="1" passed="1" failed="0" skipped="0">
  <reporter-output>
  </reporter-output>
  <suite started-at="2020-11-05T02:52:33Z" name="Default suite" finished-at="2020-11-05T02:52:36Z" duration-ms="2707">
    <groups>
    </groups>
    <test started-at="2020-11-05T02:52:33Z" name="Default test" finished-at="2020-11-05T02:52:36Z" duration-ms="2707">
      <class name="StepDefinitions.TestNg">
        <test-method signature="testing()[pri:0, instance:StepDefinitions.TestNg@727eb8cb]" started-at="2020-11-05T02:52:33Z" name="testing" finished-at="2020-11-05T02:52:36Z" duration-ms="2668" status="PASS">
          <reporter-output>
          </reporter-output>
        </test-method> <!-- testing -->
      </class> <!-- StepDefinitions.TestNg -->
    </test> <!-- Default test -->
  </suite> <!-- Default suite -->
</testng-results>
